Using pre-set license
Built from '2020.3/staging' branch; Version is '2020.3.18f1 (a7d1c678663c) revision 10998214'; Using compiler version '192528614'; Build Type 'Release'
OS: 'Windows 10 Pro; OS build 19043.1645; Version 2009; 64bit' Language: 'en' Physical Memory: 8147 MB
BatchMode: 1, IsHumanControllingUs: 0, StartBugReporterOnCrash: 0, Is64bit: 1, IsPro: 0

COMMAND LINE ARGUMENTS:
F:\Unity\2020.3.18f1\Editor\Unity.exe
-adb2
-batchMode
-noUpm
-name
AssetImportWorker1
-projectPath
C:/Users/User/Documents/GitHub/BazFinal/Baz Final
-logFile
Logs/AssetImportWorker1.log
-srvPort
61590
Successfully changed project path to: C:/Users/User/Documents/GitHub/BazFinal/Baz Final
C:/Users/User/Documents/GitHub/BazFinal/Baz Final
Using Asset Import Pipeline V2.
Refreshing native plugins compatible for Editor in 224.19 ms, found 2 plugins.
Preloading 0 native plugins for Editor in 0.00 ms.
Initialize engine version: 2020.3.18f1 (a7d1c678663c)
[Subsystems] Discovering subsystems at path F:/Unity/2020.3.18f1/Editor/Data/Resources/UnitySubsystems
[Subsystems] Discovering subsystems at path C:/Users/User/Documents/GitHub/BazFinal/Baz Final/Assets
GfxDevice: creating device client; threaded=0
Direct3D:
    Version:  Direct3D 11.0 [level 11.1]
    Renderer: NVIDIA GeForce GTX 1060 3GB (ID=0x1c02)
    Vendor:   
    VRAM:     2988 MB
    Driver:   27.21.14.5671
Initialize mono
Mono path[0] = 'F:/Unity/2020.3.18f1/Editor/Data/Managed'
Mono path[1] = 'F:/Unity/2020.3.18f1/Editor/Data/MonoBleedingEdge/lib/mono/unityjit'
Mono config path = 'F:/Unity/2020.3.18f1/Editor/Data/MonoBleedingEdge/etc'
Using monoOptions --debugger-agent=transport=dt_socket,embedding=1,server=y,suspend=n,address=127.0.0.1:56200
Begin MonoManager ReloadAssembly
Registering precompiled unity dll's ...
Register platform support module: F:/Unity/2020.3.18f1/Editor/Data/PlaybackEngines/WindowsStandaloneSupport/UnityEditor.WindowsStandalone.Extensions.dll
Registered in 0.016489 seconds.
Native extension for WindowsStandalone target not found
Refreshing native plugins compatible for Editor in 222.92 ms, found 2 plugins.
Preloading 0 native plugins for Editor in 0.00 ms.
Mono: successfully reloaded assembly
- Completed reload, in 12.379 seconds
Domain Reload Profiling:
	ReloadAssembly (12379ms)
		BeginReloadAssembly (305ms)
			ExecutionOrderSort (0ms)
			DisableScriptedObjects (0ms)
			BackupInstance (0ms)
			ReleaseScriptingObjects (0ms)
			CreateAndSetChildDomain (2ms)
		EndReloadAssembly (1825ms)
			LoadAssemblies (304ms)
			RebuildTransferFunctionScriptingTraits (0ms)
			SetupTypeCache (703ms)
			ReleaseScriptCaches (0ms)
			RebuildScriptCaches (130ms)
			SetupLoadedEditorAssemblies (702ms)
				LogAssemblyErrors (0ms)
				InitializePlatformSupportModulesInManaged (13ms)
				SetLoadedEditorAssemblies (1ms)
				RefreshPlugins (223ms)
				BeforeProcessingInitializeOnLoad (68ms)
				ProcessInitializeOnLoadAttributes (292ms)
				ProcessInitializeOnLoadMethodAttributes (104ms)
				AfterProcessingInitializeOnLoad (0ms)
				EditorAssembliesLoaded (1ms)
			ExecutionOrderSort2 (0ms)
			AwakeInstancesAfterBackupRestoration (0ms)
Platform modules already initialized, skipping
Registering precompiled user dll's ...
Registered in 0.031295 seconds.
Begin MonoManager ReloadAssembly
Symbol file data-0000029B7B3C5280 doesn't match image C:\Users\User\Documents\GitHub\BazFinal\Baz Final\Library\ScriptAssemblies\Assembly-CSharp.dll
Symbol file LoadedFromMemory is not a mono symbol file
Symbol file data-0000029B7BBAB070 doesn't match image C:\Users\User\Documents\GitHub\BazFinal\Baz Final\Library\ScriptAssemblies\Assembly-CSharp-Editor.dll
Symbol file LoadedFromMemory is not a mono symbol file
Native extension for WindowsStandalone target not found
Refreshing native plugins compatible for Editor in 270.20 ms, found 2 plugins.
Preloading 0 native plugins for Editor in 0.00 ms.
Mono: successfully reloaded assembly
- Completed reload, in  5.746 seconds
Domain Reload Profiling:
	ReloadAssembly (5749ms)
		BeginReloadAssembly (763ms)
			ExecutionOrderSort (0ms)
			DisableScriptedObjects (19ms)
			BackupInstance (0ms)
			ReleaseScriptingObjects (0ms)
			CreateAndSetChildDomain (60ms)
		EndReloadAssembly (4697ms)
			LoadAssemblies (603ms)
			RebuildTransferFunctionScriptingTraits (0ms)
			SetupTypeCache (1537ms)
			ReleaseScriptCaches (1ms)
			RebuildScriptCaches (363ms)
			SetupLoadedEditorAssemblies (1695ms)
				LogAssemblyErrors (0ms)
				InitializePlatformSupportModulesInManaged (29ms)
				SetLoadedEditorAssemblies (1ms)
				RefreshPlugins (270ms)
				BeforeProcessingInitializeOnLoad (343ms)
				ProcessInitializeOnLoadAttributes (1000ms)
				ProcessInitializeOnLoadMethodAttributes (25ms)
				AfterProcessingInitializeOnLoad (24ms)
				EditorAssembliesLoaded (3ms)
			ExecutionOrderSort2 (0ms)
			AwakeInstancesAfterBackupRestoration (44ms)
Platform modules already initialized, skipping
========================================================================
Worker process is ready to serve import requests
Launched and connected shader compiler UnityShaderCompiler.exe after 0.49 seconds
Refreshing native plugins compatible for Editor in 1.59 ms, found 2 plugins.
Preloading 0 native plugins for Editor in 0.00 ms.
Unloading 2707 Unused Serialized files (Serialized files now loaded: 0)
System memory in use before: 124.2 MB.
System memory in use after: 124.4 MB.

Unloading 17 unused Assets to reduce memory usage. Loaded Objects now: 3143.
Total: 25.467900 ms (FindLiveObjects: 3.468400 ms CreateObjectMapping: 1.130600 ms MarkObjects: 20.637100 ms  DeleteObjects: 0.226800 ms)

AssetImportParameters requested are different than current active one (requested -> active):
  custom:framework-win-MediaFoundation: 216162199b28c13a410421893ffa2e32 -> 
  custom:video-decoder-ogg-theora: a1e56fd34408186e4bbccfd4996cb3dc -> 
  custom:container-muxer-webm: aa71ff27fc2769a1b78a27578f13a17b -> 
  custom:container-demuxer-webm: 4f35f7cbe854078d1ac9338744f61a02 -> 
  custom:container-demuxer-ogg: 62fdf1f143b41e24485cea50d1cbac27 -> 
  custom:video-encoder-webm-vp8: eb34c28f22e8b96e1ab97ce403110664 -> 
  custom:video-codec-MediaFoundation-h265: 746d11721c4dcdbdad8f713fa42b33f4 -> 
  custom:video-decoder-webm-vp8: 9c59270c3fd7afecdb556c50c9e8de78 -> 
  custom:audio-decoder-ogg-vorbis: bf7c407c2cedff20999df2af8eb42d56 -> 
  custom:audio-encoder-webm-vorbis: bf7c407c2cedff20999df2af8eb42d56 -> 
========================================================================
Received Import Request.
  path: Assets/Scenes/SampleScene.unity
  artifactKey: Guid(d1c3109bdb54ad54c8a2b2838528e640) Importer(815301076,1909f56bfc062723c751e8b465ee728b)
Start importing Assets/Scenes/SampleScene.unity using Guid(d1c3109bdb54ad54c8a2b2838528e640) Importer(815301076,1909f56bfc062723c751e8b465ee728b)  -> (artifact id: '0e38376f9138fe8afc43c3eed87c8397') in 0.078214 seconds 
  Import took 0.100057 seconds .

========================================================================
Received Import Request.
  Time since last request: 0.000991 seconds.
  path: Assets/Gab/Gabs Stuff
  artifactKey: Guid(6b208999f3383af4f8abfcd7dbec8033) Importer(815301076,1909f56bfc062723c751e8b465ee728b)
Start importing Assets/Gab/Gabs Stuff using Guid(6b208999f3383af4f8abfcd7dbec8033) Importer(815301076,1909f56bfc062723c751e8b465ee728b)  -> (artifact id: 'ae93bd52472ff394b3fc425014f542d8') in 0.009531 seconds 
  Import took 0.021857 seconds .

========================================================================
Received Import Request.
  Time since last request: 0.001027 seconds.
  path: Assets/Erin/Scenes/Imported gab.unity
  artifactKey: Guid(26df81b7bd1cc8c499d1ed87de8fba0f) Importer(815301076,1909f56bfc062723c751e8b465ee728b)
Start importing Assets/Erin/Scenes/Imported gab.unity using Guid(26df81b7bd1cc8c499d1ed87de8fba0f) Importer(815301076,1909f56bfc062723c751e8b465ee728b)  -> (artifact id: '693c67b853e8711f1898a2b1114e5387') in 0.012684 seconds 
  Import took 0.024169 seconds .

========================================================================
Received Import Request.
  Time since last request: 0.001377 seconds.
  path: Assets/Gab/Gabs Stuff/New Material 1.mat
  artifactKey: Guid(6060fe2a16ccb3842b9a8e5565ac3939) Importer(815301076,1909f56bfc062723c751e8b465ee728b)
Start importing Assets/Gab/Gabs Stuff/New Material 1.mat using Guid(6060fe2a16ccb3842b9a8e5565ac3939) Importer(815301076,1909f56bfc062723c751e8b465ee728b)  -> (artifact id: '50505ac281a18a20062432095a1ede95') in 1.362740 seconds 
  Import took 1.374856 seconds .

========================================================================
Received Import Request.
  Time since last request: 0.001012 seconds.
  path: Assets/Erin/Scenes
  artifactKey: Guid(023612671ee45384cb6994e91b6d6cd7) Importer(815301076,1909f56bfc062723c751e8b465ee728b)
Start importing Assets/Erin/Scenes using Guid(023612671ee45384cb6994e91b6d6cd7) Importer(815301076,1909f56bfc062723c751e8b465ee728b)  -> (artifact id: 'b65cc77abf72233d0c9a7d03c4bef458') in 0.010440 seconds 
  Import took 0.022321 seconds .

========================================================================
Received Import Request.
  Time since last request: 0.000913 seconds.
  path: Assets/Gally/Health_2.png
  artifactKey: Guid(a86b5ca41ae5ada4ba43595d40f4ebd2) Importer(815301076,1909f56bfc062723c751e8b465ee728b)
Start importing Assets/Gally/Health_2.png using Guid(a86b5ca41ae5ada4ba43595d40f4ebd2) Importer(815301076,1909f56bfc062723c751e8b465ee728b)  -> (artifact id: 'f0234eece8f3909d4ffa966ac65615fa') in 0.118891 seconds 
  Import took 0.130359 seconds .

========================================================================
Received Import Request.
  Time since last request: 0.000981 seconds.
  path: Assets/Gally/compass.png
  artifactKey: Guid(4f979a2444a162f4b801de953a8fa6a5) Importer(815301076,1909f56bfc062723c751e8b465ee728b)
Start importing Assets/Gally/compass.png using Guid(4f979a2444a162f4b801de953a8fa6a5) Importer(815301076,1909f56bfc062723c751e8b465ee728b)  -> (artifact id: '24aa2d60005cc38e7ecdb18da711cd1d') in 0.035167 seconds 
  Import took 0.048211 seconds .

========================================================================
Received Import Request.
  Time since last request: 0.000722 seconds.
  path: Assets/Gally/camp_s.png
  artifactKey: Guid(5f03739c3e9509243acc24c9272280ba) Importer(815301076,1909f56bfc062723c751e8b465ee728b)
Start importing Assets/Gally/camp_s.png using Guid(5f03739c3e9509243acc24c9272280ba) Importer(815301076,1909f56bfc062723c751e8b465ee728b)  -> (artifact id: '2e25fe68bb93b54f1d4496e58f330d66') in 0.028920 seconds 
  Import took 0.040938 seconds .

========================================================================
Received Import Request.
  Time since last request: 0.001120 seconds.
  path: Assets/Gab/Gabs Stuff/New Material 4.mat
  artifactKey: Guid(462277dcb894fba47980e8dd25b1b078) Importer(815301076,1909f56bfc062723c751e8b465ee728b)
Start importing Assets/Gab/Gabs Stuff/New Material 4.mat using Guid(462277dcb894fba47980e8dd25b1b078) Importer(815301076,1909f56bfc062723c751e8b465ee728b)  -> (artifact id: '1a3589bc27c55b4ebb539efc50a6a851') in 0.053650 seconds 
  Import took 0.071233 seconds .

========================================================================
Received Import Request.
  Time since last request: 0.000827 seconds.
  path: Assets/Gally/ENEMY!!!.png
  artifactKey: Guid(5abd224b69d474d48876e9066c4189a0) Importer(815301076,1909f56bfc062723c751e8b465ee728b)
Start importing Assets/Gally/ENEMY!!!.png using Guid(5abd224b69d474d48876e9066c4189a0) Importer(815301076,1909f56bfc062723c751e8b465ee728b)  -> (artifact id: 'a1fa5b54a6ddac7eb0f2b21caf9bece3') in 0.036774 seconds 
  Import took 0.051353 seconds .

========================================================================
Received Import Request.
  Time since last request: 0.001039 seconds.
  path: Assets/Gab/Gabs Stuff/gabscene.unity
  artifactKey: Guid(4f44c0a867b3c844b8948c19f1b17395) Importer(815301076,1909f56bfc062723c751e8b465ee728b)
Start importing Assets/Gab/Gabs Stuff/gabscene.unity using Guid(4f44c0a867b3c844b8948c19f1b17395) Importer(815301076,1909f56bfc062723c751e8b465ee728b)  -> (artifact id: '53f9dd1be138dd2d2f15c4b2dfee12e9') in 0.015741 seconds 
  Import took 0.029885 seconds .

========================================================================
Received Import Request.
  Time since last request: 0.000988 seconds.
  path: Assets/Gally/Sand_Particle.png
  artifactKey: Guid(ac6c8339bfc2ffb4b836abc809efb42c) Importer(815301076,1909f56bfc062723c751e8b465ee728b)
Start importing Assets/Gally/Sand_Particle.png using Guid(ac6c8339bfc2ffb4b836abc809efb42c) Importer(815301076,1909f56bfc062723c751e8b465ee728b)  -> (artifact id: 'b214f19162faaab727368c67f4488f1a') in 0.034904 seconds 
  Import took 0.048915 seconds .

========================================================================
Received Import Request.
  Time since last request: 0.000746 seconds.
  path: Assets/Erin/Scenes/Erins Scene.unity
  artifactKey: Guid(64a5e033441227849afdd51c1f7c9761) Importer(815301076,1909f56bfc062723c751e8b465ee728b)
Start importing Assets/Erin/Scenes/Erins Scene.unity using Guid(64a5e033441227849afdd51c1f7c9761) Importer(815301076,1909f56bfc062723c751e8b465ee728b)  -> (artifact id: '3130e9f6b4018737f04315234b5e4b36') in 0.011514 seconds 
  Import took 0.026921 seconds .

========================================================================
Received Import Request.
  Time since last request: 0.000667 seconds.
  path: Assets/Gab/Gabs Stuff/New Material 2.mat
  artifactKey: Guid(4b2948829f76a274192af54c3ae6f469) Importer(815301076,1909f56bfc062723c751e8b465ee728b)
Start importing Assets/Gab/Gabs Stuff/New Material 2.mat using Guid(4b2948829f76a274192af54c3ae6f469) Importer(815301076,1909f56bfc062723c751e8b465ee728b)  -> (artifact id: '0759afa5d1e59f8cca65b5ca73844a1e') in 0.041396 seconds 
  Import took 0.058413 seconds .

========================================================================
Received Import Request.
  Time since last request: 0.000753 seconds.
  path: Assets/Gab/Gabs Stuff/New Terrain.asset
  artifactKey: Guid(4e06277b4fef9e348a0902d0c0d5d11e) Importer(815301076,1909f56bfc062723c751e8b465ee728b)
Start importing Assets/Gab/Gabs Stuff/New Terrain.asset using Guid(4e06277b4fef9e348a0902d0c0d5d11e) Importer(815301076,1909f56bfc062723c751e8b465ee728b)  -> (artifact id: 'a2e9edd4d36c85e2d49f4668351a1b58') in 0.103843 seconds 
  Import took 0.121768 seconds .

========================================================================
Received Import Request.
  Time since last request: 0.002362 seconds.
  path: Assets/Gally/enemy!.png
  artifactKey: Guid(729f93c051d94a645985d5f5eadbd4ed) Importer(815301076,1909f56bfc062723c751e8b465ee728b)
Start importing Assets/Gally/enemy!.png using Guid(729f93c051d94a645985d5f5eadbd4ed) Importer(815301076,1909f56bfc062723c751e8b465ee728b)  -> (artifact id: '5af08c2b2a0fb3bbb6c98c9e2e58be5e') in 0.073407 seconds 
  Import took 0.103673 seconds .

========================================================================
Received Import Request.
  Time since last request: 0.000814 seconds.
  path: Assets/Gab/Gabs Stuff/terrain.mat
  artifactKey: Guid(caef06938f229044383509cf00e945e2) Importer(815301076,1909f56bfc062723c751e8b465ee728b)
Start importing Assets/Gab/Gabs Stuff/terrain.mat using Guid(caef06938f229044383509cf00e945e2) Importer(815301076,1909f56bfc062723c751e8b465ee728b)  -> (artifact id: '5f4f8c87ad4719285f5a69a32379a941') in 0.062089 seconds 
  Import took 0.075775 seconds .

========================================================================
Received Import Request.
  Time since last request: 0.000776 seconds.
  path: Assets/Gab/Gabs Stuff/New Material.mat
  artifactKey: Guid(9ee47533e09458d45beb82e4f1289154) Importer(815301076,1909f56bfc062723c751e8b465ee728b)
Start importing Assets/Gab/Gabs Stuff/New Material.mat using Guid(9ee47533e09458d45beb82e4f1289154) Importer(815301076,1909f56bfc062723c751e8b465ee728b)  -> (artifact id: 'a2ca4ee1f7c544b4d44ecb4e242849a0') in 0.036523 seconds 
  Import took 0.051867 seconds .

========================================================================
Received Import Request.
  Time since last request: 0.001242 seconds.
  path: Assets/Gally/Heath_0.png
  artifactKey: Guid(fd3269744e40edd42879777b0862ba14) Importer(815301076,1909f56bfc062723c751e8b465ee728b)
Start importing Assets/Gally/Heath_0.png using Guid(fd3269744e40edd42879777b0862ba14) Importer(815301076,1909f56bfc062723c751e8b465ee728b)  -> (artifact id: '8c76f2563ebc784064034e9269dadfa9') in 0.043225 seconds 
  Import took 0.057472 seconds .

========================================================================
Received Import Request.
  Time since last request: 0.000858 seconds.
  path: Assets/Gally/Health_1.png
  artifactKey: Guid(b6b172ec11bb4ae458685f1203cb1f2d) Importer(815301076,1909f56bfc062723c751e8b465ee728b)
Start importing Assets/Gally/Health_1.png using Guid(b6b172ec11bb4ae458685f1203cb1f2d) Importer(815301076,1909f56bfc062723c751e8b465ee728b)  -> (artifact id: '31f355cea01bba5b591be113f6f6c605') in 0.037230 seconds 
  Import took 0.051399 seconds .

========================================================================
Received Import Request.
  Time since last request: 0.001226 seconds.
  path: Assets/Gab/Gabs Stuff/New Material 3.mat
  artifactKey: Guid(0804c8386e19fc04bbd860e76743ddb4) Importer(815301076,1909f56bfc062723c751e8b465ee728b)
Start importing Assets/Gab/Gabs Stuff/New Material 3.mat using Guid(0804c8386e19fc04bbd860e76743ddb4) Importer(815301076,1909f56bfc062723c751e8b465ee728b)  -> (artifact id: '8f09c31f8feca6424f16c17186980fc8') in 0.048627 seconds 
  Import took 0.062829 seconds .

========================================================================
Received Import Request.
  Time since last request: 0.000998 seconds.
  path: Assets/Gab/Gabs Stuff/seamless_desert_sand_texture_by_hhh316_d311qn7-fullview.jpg
  artifactKey: Guid(83c0c9fa605b9af4cb38e32308858ad8) Importer(815301076,1909f56bfc062723c751e8b465ee728b)
Start importing Assets/Gab/Gabs Stuff/seamless_desert_sand_texture_by_hhh316_d311qn7-fullview.jpg using Guid(83c0c9fa605b9af4cb38e32308858ad8) Importer(815301076,1909f56bfc062723c751e8b465ee728b)  -> (artifact id: '4afa2900297e297926bb8338694f0e6f') in 0.044378 seconds 
  Import took 0.059306 seconds .

========================================================================
Received Import Request.
  Time since last request: 0.000767 seconds.
  path: Assets/Gally/camp_L.png
  artifactKey: Guid(55a6cd4e35689644ea37db10c66a2e5e) Importer(815301076,1909f56bfc062723c751e8b465ee728b)
Start importing Assets/Gally/camp_L.png using Guid(55a6cd4e35689644ea37db10c66a2e5e) Importer(815301076,1909f56bfc062723c751e8b465ee728b)  -> (artifact id: '558921ae1b544299a51f4e9a0528e20b') in 0.028335 seconds 
  Import took 0.039682 seconds .

========================================================================
Received Import Request.
  Time since last request: 0.000982 seconds.
  path: Assets/Gab/Gabs Stuff/3wxq2e.png
  artifactKey: Guid(e6289e86ac2157c48af2d8d15b8f630c) Importer(815301076,1909f56bfc062723c751e8b465ee728b)
Start importing Assets/Gab/Gabs Stuff/3wxq2e.png using Guid(e6289e86ac2157c48af2d8d15b8f630c) Importer(815301076,1909f56bfc062723c751e8b465ee728b)  -> (artifact id: '07872b91573f0b985d014b4af5ec09ea') in 0.028728 seconds 
  Import took 0.039819 seconds .

========================================================================
Received Import Request.
  Time since last request: 0.000838 seconds.
  path: Assets/Gally/Health_3.png
  artifactKey: Guid(200de9cd38b136d4e959ca539b39716b) Importer(815301076,1909f56bfc062723c751e8b465ee728b)
Start importing Assets/Gally/Health_3.png using Guid(200de9cd38b136d4e959ca539b39716b) Importer(815301076,1909f56bfc062723c751e8b465ee728b)  -> (artifact id: '020d79011b11b43f01865aebbf2dc04a') in 0.032944 seconds 
  Import took 0.043745 seconds .

========================================================================
Received Import Request.
  Time since last request: 41.967043 seconds.
  path: Assets/Caolan/skiff.fbx
  artifactKey: Guid(85112665ff6675c4b8b0cebabfe08bf5) Importer(815301076,1909f56bfc062723c751e8b465ee728b)
Start importing Assets/Caolan/skiff.fbx using Guid(85112665ff6675c4b8b0cebabfe08bf5) Importer(815301076,1909f56bfc062723c751e8b465ee728b)  -> (artifact id: 'c90235ef257a65c947f893fb954b91c8') in 0.840450 seconds 
  Import took 0.853322 seconds .

========================================================================
Received Import Request.
  Time since last request: 1.429633 seconds.
  path: Assets/Caolan
  artifactKey: Guid(30282f4c198505a40b8da4dac7f48805) Importer(815301076,1909f56bfc062723c751e8b465ee728b)
Start importing Assets/Caolan using Guid(30282f4c198505a40b8da4dac7f48805) Importer(815301076,1909f56bfc062723c751e8b465ee728b)  -> (artifact id: '543e425e32cd891c3d5bb15265dd8266') in 0.009473 seconds 
  Import took 0.025526 seconds .

========================================================================
Received Import Request.
  Time since last request: 661.915774 seconds.
  path: Assets/Caolan/cactus.fbx
  artifactKey: Guid(f724422996562654eae1d0e36eb1c7de) Importer(815301076,1909f56bfc062723c751e8b465ee728b)
Start importing Assets/Caolan/cactus.fbx using Guid(f724422996562654eae1d0e36eb1c7de) Importer(815301076,1909f56bfc062723c751e8b465ee728b)  -> (artifact id: '398bde8da89179e83f68fbaefc02e7d1') in 0.417997 seconds 
  Import took 0.431696 seconds .

========================================================================
Received Import Request.
  Time since last request: 0.000741 seconds.
  path: Assets/Caolan/DesertWalls.fbx
  artifactKey: Guid(14d8c48b8a0a47d488b8c25339ae45c4) Importer(815301076,1909f56bfc062723c751e8b465ee728b)
Start importing Assets/Caolan/DesertWalls.fbx using Guid(14d8c48b8a0a47d488b8c25339ae45c4) Importer(815301076,1909f56bfc062723c751e8b465ee728b)  -> (artifact id: '5942a51aa8deb858518841ca271a25d8') in 0.078059 seconds 
  Import took 0.090553 seconds .

========================================================================
Received Import Request.
  Time since last request: 0.000745 seconds.
  path: Assets/Caolan/Desert Tower.fbx
  artifactKey: Guid(1ff78ed75a5aa2641ace7049722cedb6) Importer(815301076,1909f56bfc062723c751e8b465ee728b)
Start importing Assets/Caolan/Desert Tower.fbx using Guid(1ff78ed75a5aa2641ace7049722cedb6) Importer(815301076,1909f56bfc062723c751e8b465ee728b)  -> (artifact id: '4edf700663383f6b2ea588a6a32be8f2') in 0.117173 seconds 
  Import took 0.131367 seconds .

========================================================================
Received Import Request.
  Time since last request: 0.000624 seconds.
  path: Assets/Caolan/Crab.fbx
  artifactKey: Guid(2aaa69c7d42aa03449a10afb129493ca) Importer(815301076,1909f56bfc062723c751e8b465ee728b)
Start importing Assets/Caolan/Crab.fbx using Guid(2aaa69c7d42aa03449a10afb129493ca) Importer(815301076,1909f56bfc062723c751e8b465ee728b)  -> (artifact id: '53ada1b43e80049419a791b837d85a40') in 1.717412 seconds 
  Import took 1.733567 seconds .

========================================================================
Received Import Request.
  Time since last request: 0.000730 seconds.
  path: Assets/Caolan/Desert House Small.fbx
  artifactKey: Guid(fd441f5e4e679e04e9843f05c5f121ae) Importer(815301076,1909f56bfc062723c751e8b465ee728b)
Start importing Assets/Caolan/Desert House Small.fbx using Guid(fd441f5e4e679e04e9843f05c5f121ae) Importer(815301076,1909f56bfc062723c751e8b465ee728b)  -> (artifact id: 'c0e04e18a7dd8a220f261312710dc17b') in 0.179156 seconds 
  Import took 0.194758 seconds .

========================================================================
Received Import Request.
  Time since last request: 0.000791 seconds.
  path: Assets/Caolan/pinetree.fbx
  artifactKey: Guid(522d77ee1fa2c854c82ed2ab6cff0e39) Importer(815301076,1909f56bfc062723c751e8b465ee728b)
Start importing Assets/Caolan/pinetree.fbx using Guid(522d77ee1fa2c854c82ed2ab6cff0e39) Importer(815301076,1909f56bfc062723c751e8b465ee728b)  -> (artifact id: '636065fb60e0d3d26d4f0cdebee66a88') in 0.606714 seconds 
  Import took 0.624128 seconds .

========================================================================
Received Import Request.
  Time since last request: 0.000863 seconds.
  path: Assets/Caolan/outpost.fbx
  artifactKey: Guid(350a1768e2d88884a80b3ea7481f80c7) Importer(815301076,1909f56bfc062723c751e8b465ee728b)
Start importing Assets/Caolan/outpost.fbx using Guid(350a1768e2d88884a80b3ea7481f80c7) Importer(815301076,1909f56bfc062723c751e8b465ee728b)  -> (artifact id: '3cf4291ca7794e61d2e162443719044f') in 0.499888 seconds 
  Import took 0.517304 seconds .

========================================================================
Received Import Request.
  Time since last request: 191.418253 seconds.
  path: Assets/Caolan/Desert House Small.fbx
  artifactKey: Guid(fd441f5e4e679e04e9843f05c5f121ae) Importer(815301076,1909f56bfc062723c751e8b465ee728b)
Start importing Assets/Caolan/Desert House Small.fbx using Guid(fd441f5e4e679e04e9843f05c5f121ae) Importer(815301076,1909f56bfc062723c751e8b465ee728b)  -> (artifact id: '739d5d9f370bf04009b2947aff417116') in 0.160498 seconds 
  Import took 0.175909 seconds .

========================================================================
Received Import Request.
  Time since last request: 0.000710 seconds.
  path: Assets/Caolan/outpost.fbx
  artifactKey: Guid(350a1768e2d88884a80b3ea7481f80c7) Importer(815301076,1909f56bfc062723c751e8b465ee728b)
Start importing Assets/Caolan/outpost.fbx using Guid(350a1768e2d88884a80b3ea7481f80c7) Importer(815301076,1909f56bfc062723c751e8b465ee728b)  -> (artifact id: '25ba85fd249099e4b85e933fb2488af6') in 0.487864 seconds 
  Import took 0.502368 seconds .

========================================================================
Received Import Request.
  Time since last request: 215.855758 seconds.
  path: Assets/Caolan/Desert House Small.fbx
  artifactKey: Guid(fd441f5e4e679e04e9843f05c5f121ae) Importer(815301076,1909f56bfc062723c751e8b465ee728b)
Start importing Assets/Caolan/Desert House Small.fbx using Guid(fd441f5e4e679e04e9843f05c5f121ae) Importer(815301076,1909f56bfc062723c751e8b465ee728b)  -> (artifact id: '7f10a4f20bcb8ff8726f9b47c9b84005') in 0.172031 seconds 
  Import took 0.186613 seconds .

========================================================================
Received Import Request.
  Time since last request: 0.000942 seconds.
  path: Assets/Caolan/outpost.fbx
  artifactKey: Guid(350a1768e2d88884a80b3ea7481f80c7) Importer(815301076,1909f56bfc062723c751e8b465ee728b)
Start importing Assets/Caolan/outpost.fbx using Guid(350a1768e2d88884a80b3ea7481f80c7) Importer(815301076,1909f56bfc062723c751e8b465ee728b)  -> (artifact id: '4f46506a8b79b5b01c28ee8482e34c7f') in 0.548849 seconds 
  Import took 0.564170 seconds .

========================================================================
Received Import Request.
  Time since last request: 150.664120 seconds.
  path: Assets/Caolan/Desert House Small.fbx
  artifactKey: Guid(fd441f5e4e679e04e9843f05c5f121ae) Importer(815301076,1909f56bfc062723c751e8b465ee728b)
Start importing Assets/Caolan/Desert House Small.fbx using Guid(fd441f5e4e679e04e9843f05c5f121ae) Importer(815301076,1909f56bfc062723c751e8b465ee728b)  -> (artifact id: 'e7fbaa5ab9aedc57355e2fcdc3ed11b9') in 0.209091 seconds 
  Import took 0.229649 seconds .

========================================================================
Received Import Request.
  Time since last request: 76.676167 seconds.
  path: Assets/Caolan/Desert House Small.fbx
  artifactKey: Guid(fd441f5e4e679e04e9843f05c5f121ae) Importer(815301076,1909f56bfc062723c751e8b465ee728b)
Start importing Assets/Caolan/Desert House Small.fbx using Guid(fd441f5e4e679e04e9843f05c5f121ae) Importer(815301076,1909f56bfc062723c751e8b465ee728b)  -> (artifact id: '4c36b329f0e61e88c9781dcea30958f0') in 0.160979 seconds 
  Import took 0.176534 seconds .

========================================================================
Received Import Request.
  Time since last request: 301.669006 seconds.
  path: Assets/Caolan/Desert House Small.fbx
  artifactKey: Guid(fd441f5e4e679e04e9843f05c5f121ae) Importer(815301076,1909f56bfc062723c751e8b465ee728b)
Start importing Assets/Caolan/Desert House Small.fbx using Guid(fd441f5e4e679e04e9843f05c5f121ae) Importer(815301076,1909f56bfc062723c751e8b465ee728b)  -> (artifact id: 'cde6e115f6bb963e9a5db7ba399ddcfd') in 0.183730 seconds 
  Import took 0.200701 seconds .

========================================================================
Received Import Request.
  Time since last request: 18.069851 seconds.
  path: Assets/Caolan/DesertWallCorner.fbx
  artifactKey: Guid(b23b79e70aef7e045be460f03deb4a79) Importer(815301076,1909f56bfc062723c751e8b465ee728b)
Start importing Assets/Caolan/DesertWallCorner.fbx using Guid(b23b79e70aef7e045be460f03deb4a79) Importer(815301076,1909f56bfc062723c751e8b465ee728b)  -> (artifact id: 'a1312427b4f696b7043f777521d7fccb') in 0.128575 seconds 
  Import took 0.142787 seconds .

========================================================================
Received Import Request.
  Time since last request: 0.012179 seconds.
  path: Assets/Caolan/DesertWallCorner.fbx
  artifactKey: Guid(b23b79e70aef7e045be460f03deb4a79) Importer(815301076,1909f56bfc062723c751e8b465ee728b)
Start importing Assets/Caolan/DesertWallCorner.fbx using Guid(b23b79e70aef7e045be460f03deb4a79) Importer(815301076,1909f56bfc062723c751e8b465ee728b)  -> (artifact id: 'a1312427b4f696b7043f777521d7fccb') in 0.114124 seconds 
  Import took 0.125743 seconds .

========================================================================
Received Import Request.
  Time since last request: 61.441053 seconds.
  path: Assets/Caolan/DesertWallCorner.fbx
  artifactKey: Guid(b23b79e70aef7e045be460f03deb4a79) Importer(815301076,1909f56bfc062723c751e8b465ee728b)
Start importing Assets/Caolan/DesertWallCorner.fbx using Guid(b23b79e70aef7e045be460f03deb4a79) Importer(815301076,1909f56bfc062723c751e8b465ee728b)  -> (artifact id: '05ef27a273f45f58598418cea058adf8') in 0.102613 seconds 
  Import took 0.115911 seconds .

========================================================================
Received Import Request.
  Time since last request: 276.654410 seconds.
  path: Assets/Caolan/Crab.prefab
  artifactKey: Guid(172f513c77895764484264ade04138cf) Importer(815301076,1909f56bfc062723c751e8b465ee728b)
Start importing Assets/Caolan/Crab.prefab using Guid(172f513c77895764484264ade04138cf) Importer(815301076,1909f56bfc062723c751e8b465ee728b)  -> (artifact id: 'f6673245ca7c1e7616154b87470aca5d') in 0.138931 seconds 
  Import took 0.160746 seconds .

========================================================================
Received Import Request.
  Time since last request: 0.023337 seconds.
  path: Assets/Caolan/Crab.prefab
  artifactKey: Guid(172f513c77895764484264ade04138cf) Importer(815301076,1909f56bfc062723c751e8b465ee728b)
Start importing Assets/Caolan/Crab.prefab using Guid(172f513c77895764484264ade04138cf) Importer(815301076,1909f56bfc062723c751e8b465ee728b)  -> (artifact id: 'f6673245ca7c1e7616154b87470aca5d') in 0.120112 seconds 
  Import took 0.138978 seconds .

========================================================================
Received Import Request.
  Time since last request: 12.253473 seconds.
  path: Assets/Caolan/CrabPrefab.prefab
  artifactKey: Guid(172f513c77895764484264ade04138cf) Importer(815301076,1909f56bfc062723c751e8b465ee728b)
Start importing Assets/Caolan/CrabPrefab.prefab using Guid(172f513c77895764484264ade04138cf) Importer(815301076,1909f56bfc062723c751e8b465ee728b)  -> (artifact id: '9ea97771b307efb1429b13cb8cd3590c') in 0.099914 seconds 
  Import took 0.116965 seconds .

========================================================================
Received Import Request.
  Time since last request: 15.824697 seconds.
  path: Assets/Caolan/CrabPrefab.prefab
  artifactKey: Guid(172f513c77895764484264ade04138cf) Importer(815301076,1909f56bfc062723c751e8b465ee728b)
Start importing Assets/Caolan/CrabPrefab.prefab using Guid(172f513c77895764484264ade04138cf) Importer(815301076,1909f56bfc062723c751e8b465ee728b)  -> (artifact id: '1922adde9fea5ca8cdb61e48a9122034') in 0.105997 seconds 
  Import took 0.124121 seconds .

========================================================================
Received Import Request.
  Time since last request: 6.410299 seconds.
  path: Assets/Caolan/CrabPrefab.prefab
  artifactKey: Guid(172f513c77895764484264ade04138cf) Importer(815301076,1909f56bfc062723c751e8b465ee728b)
Start importing Assets/Caolan/CrabPrefab.prefab using Guid(172f513c77895764484264ade04138cf) Importer(815301076,1909f56bfc062723c751e8b465ee728b)  -> (artifact id: 'f32ad115b88fa9bcfb4d174cc86886cc') in 0.020564 seconds 
  Import took 0.031890 seconds .

========================================================================
Received Import Request.
  Time since last request: 130.620249 seconds.
  path: Assets/Caolan/Crab.fbx
  artifactKey: Guid(2aaa69c7d42aa03449a10afb129493ca) Importer(815301076,1909f56bfc062723c751e8b465ee728b)
Start importing Assets/Caolan/Crab.fbx using Guid(2aaa69c7d42aa03449a10afb129493ca) Importer(815301076,1909f56bfc062723c751e8b465ee728b)  -> (artifact id: '39bad44c3af3f4cebe968b635f20cde8') in 1.758090 seconds 
  Import took 1.776481 seconds .

========================================================================
Received Import Request.
  Time since last request: 135.478304 seconds.
  path: Assets/Caolan/Crab.fbx
  artifactKey: Guid(2aaa69c7d42aa03449a10afb129493ca) Importer(815301076,1909f56bfc062723c751e8b465ee728b)
Start importing Assets/Caolan/Crab.fbx using Guid(2aaa69c7d42aa03449a10afb129493ca) Importer(815301076,1909f56bfc062723c751e8b465ee728b)  -> (artifact id: '82fcfa723e264b557405d6f024fca835') in 1.925764 seconds 
  Import took 1.948477 seconds .

========================================================================
Received Import Request.
  Time since last request: 168.922368 seconds.
  path: Assets/Caolan/Crab.fbx
  artifactKey: Guid(2aaa69c7d42aa03449a10afb129493ca) Importer(815301076,1909f56bfc062723c751e8b465ee728b)
Start importing Assets/Caolan/Crab.fbx using Guid(2aaa69c7d42aa03449a10afb129493ca) Importer(815301076,1909f56bfc062723c751e8b465ee728b)  -> (artifact id: 'ace334dc7de7d97eae11b49a08289855') in 1.666996 seconds 
  Import took 1.685957 seconds .

========================================================================
Received Import Request.
  Time since last request: 183.909116 seconds.
  path: Assets/Caolan/Crab.fbx
  artifactKey: Guid(2aaa69c7d42aa03449a10afb129493ca) Importer(815301076,1909f56bfc062723c751e8b465ee728b)
Start importing Assets/Caolan/Crab.fbx using Guid(2aaa69c7d42aa03449a10afb129493ca) Importer(815301076,1909f56bfc062723c751e8b465ee728b)  -> (artifact id: 'f6d6ba4a3573b3d734a522d3816b3131') in 1.713032 seconds 
  Import took 1.732627 seconds .

========================================================================
Received Import Request.
  Time since last request: 426.819057 seconds.
  path: Assets/Caolan/palmtree.fbx
  artifactKey: Guid(53a3a093b0c734e4ea23e99affcd7f59) Importer(815301076,1909f56bfc062723c751e8b465ee728b)
Start importing Assets/Caolan/palmtree.fbx using Guid(53a3a093b0c734e4ea23e99affcd7f59) Importer(815301076,1909f56bfc062723c751e8b465ee728b)  -> (artifact id: 'a66efc71c929a0f4138c4f67aac54da7') in 0.232671 seconds 
  Import took 0.248022 seconds .

========================================================================
Received Import Request.
  Time since last request: 177.441368 seconds.
  path: Assets/Caolan/cactus.fbx
  artifactKey: Guid(f724422996562654eae1d0e36eb1c7de) Importer(815301076,1909f56bfc062723c751e8b465ee728b)
Start importing Assets/Caolan/cactus.fbx using Guid(f724422996562654eae1d0e36eb1c7de) Importer(815301076,1909f56bfc062723c751e8b465ee728b)  -> (artifact id: '0d31c80e6522fc6d1dac54e07dc98ab9') in 0.393678 seconds 
  Import took 0.405667 seconds .

========================================================================
Received Import Request.
  Time since last request: 0.000717 seconds.
  path: Assets/Caolan/palmtree.fbx
  artifactKey: Guid(53a3a093b0c734e4ea23e99affcd7f59) Importer(815301076,1909f56bfc062723c751e8b465ee728b)
Start importing Assets/Caolan/palmtree.fbx using Guid(53a3a093b0c734e4ea23e99affcd7f59) Importer(815301076,1909f56bfc062723c751e8b465ee728b)  -> (artifact id: '9b2c08e7f23979e2b6f02af667bd0022') in 0.216564 seconds 
  Import took 0.231857 seconds .

========================================================================
Received Import Request.
  Time since last request: 48.471470 seconds.
  path: Assets/Caolan/CrabPrefab.prefab
  artifactKey: Guid(172f513c77895764484264ade04138cf) Importer(815301076,1909f56bfc062723c751e8b465ee728b)
Start importing Assets/Caolan/CrabPrefab.prefab using Guid(172f513c77895764484264ade04138cf) Importer(815301076,1909f56bfc062723c751e8b465ee728b)  -> (artifact id: '689a8d7c4121f5b7791c8c887c89d5de') in 0.088927 seconds 
  Import took 0.106082 seconds .

========================================================================
Received Import Request.
  Time since last request: 0.001097 seconds.
  path: Assets/Caolan/CrabPrefab.prefab
  artifactKey: Guid(172f513c77895764484264ade04138cf) Importer(815301076,1909f56bfc062723c751e8b465ee728b)
Start importing Assets/Caolan/CrabPrefab.prefab using Guid(172f513c77895764484264ade04138cf) Importer(815301076,1909f56bfc062723c751e8b465ee728b)  -> (artifact id: '689a8d7c4121f5b7791c8c887c89d5de') in 0.084016 seconds 
  Import took 0.100481 seconds .

